  CXX(target) Release/obj.target/uws/src/Extensions.o
In file included from ../src/Extensions.cpp:1:
In file included from ../src/Extensions.h:4:
In file included from /Applications/Xcode.app/Contents/Developer/Toolchains/XcodeDefault.xctoolchain/usr/include/c++/v1/string:470:
In file included from /Applications/Xcode.app/Contents/Developer/Toolchains/XcodeDefault.xctoolchain/usr/include/c++/v1/string_view:169:
In file included from /Applications/Xcode.app/Contents/Developer/Toolchains/XcodeDefault.xctoolchain/usr/include/c++/v1/__string:56:
In file included from /Applications/Xcode.app/Contents/Developer/Toolchains/XcodeDefault.xctoolchain/usr/include/c++/v1/algorithm:641:
In file included from /Applications/Xcode.app/Contents/Developer/Toolchains/XcodeDefault.xctoolchain/usr/include/c++/v1/cstring:61:
In file included from /Applications/Xcode.app/Contents/Developer/Toolchains/XcodeDefault.xctoolchain/usr/include/c++/v1/string.h:61:
/usr/local/include/string.h:25:10: fatal error: 'plist/Node.h' file not found
#include <plist/Node.h>
         ^~~~~~~~~~~~~~
1 error generated.
make: *** [Release/obj.target/uws/src/Extensions.o] Error 1
gyp ERR! build error 
gyp ERR! stack Error: `make` failed with exit code: 2
gyp ERR! stack     at ChildProcess.onExit (/usr/local/lib/node_modules/npm/node_modules/node-gyp/lib/build.js:258:23)
gyp ERR! stack     at ChildProcess.emit (events.js:182:13)
gyp ERR! stack     at Process.ChildProcess._handle.onexit (internal/child_process.js:235:12)
gyp ERR! System Darwin 17.6.0
gyp ERR! command "/usr/local/bin/node" "/usr/local/lib/node_modules/npm/node_modules/node-gyp/bin/node-gyp.js" "rebuild"
gyp ERR! cwd /Users/kunaalkumar/IdeaProjects/startbootstrap-grayscale-gh-pages/node_modules/uws
gyp ERR! node -v v10.1.0
gyp ERR! node-gyp -v v3.6.2
gyp ERR! not ok 
